<?xml version="1.0" encoding="utf-8"?><testsuites><testsuite name="pytest" errors="0" failures="0" skipped="0" tests="4" time="0.072" timestamp="2024-06-22T19:07:46.463842" hostname="ALegaz-Portatil"><testcase classname="tests.unit.test_user_json_file_manager.TestUsersJsonFileManager" name="test_create_method_fail_already_exit_user" time="0.002" /><testcase classname="tests.unit.test_user_json_file_manager.TestUsersJsonFileManager" name="test_create_method_fail_bad_format_input" time="0.001" /><testcase classname="tests.unit.test_user_json_file_manager.TestUsersJsonFileManager" name="test_create_method_return_correct_result" time="0.001" /><testcase classname="tests.unit.test_user_json_file_manager.TestUsersJsonFileManager" name="test_get_method_return_correct_result" time="0.006" /></testsuite></testsuites>