<?xml version="1.0" encoding="utf-8"?><testsuites><testsuite name="pytest" errors="0" failures="0" skipped="0" tests="3" time="0.103" timestamp="2024-09-18T19:46:00.472031" hostname="DESKTOP-RE6991J"><testcase classname="tests.unit.tests_security_toolbox.TestUsersJsonFileManager" name="test_get_sha256_signature_correct_result" time="0.001" /><testcase classname="tests.unit.tests_security_toolbox.TestUsersJsonFileManager" name="test_get_sha256_signature_fail" time="0.001" /><testcase classname="tests.unit.tests_security_toolbox.TestUsersJsonFileManager" name="test_token_function_correct_result" time="0.001" /></testsuite></testsuites>